[    0.000000] Initializing cgroup subsys cpuset
[    0.000000] Initializing cgroup subsys cpu
[    0.000000] Initializing cgroup subsys cpuacct
[    0.000000] Linux version 4.4.0-186-generic (buildd@lcy01-amd64-002) (gcc version 5.4.0 20160609 (Ubuntu 5.4.0-6ubuntu1~16.04.12) ) #216-Ubuntu SMP Wed Jul 1 05:34:05 UTC 2020 (Ubuntu 4.4.0-186.216-generic 4.4.228)
[    0.000000] Command line: BOOT_IMAGE=/boot/vmlinuz-4.4.0-186-generic root=LABEL=cloudimg-rootfs ro console=tty1 console=ttyS0
[    0.000000] KERNEL supported cpus:
[    0.000000]   Intel GenuineIntel
[    0.000000]   AMD AuthenticAMD
[    0.000000]   Centaur CentaurHauls
[    0.000000] x86/fpu: xstate_offset[2]:  576, xstate_sizes[2]:  256
[    0.000000] x86/fpu: Supporting XSAVE feature 0x01: 'x87 floating point registers'
[    0.000000] x86/fpu: Supporting XSAVE feature 0x02: 'SSE registers'
[    0.000000] x86/fpu: Supporting XSAVE feature 0x04: 'AVX registers'
[    0.000000] x86/fpu: Enabled xstate features 0x7, context size is 832 bytes, using 'standard' format.
[    0.000000] e820: BIOS-provided physical RAM map:
[    0.000000] BIOS-e820: [mem 0x0000000000000000-0x000000000009fbff] usable
[    0.000000] BIOS-e820: [mem 0x000000000009fc00-0x000000000009ffff] reserved
[    0.000000] BIOS-e820: [mem 0x00000000000f0000-0x00000000000fffff] reserved
[    0.000000] BIOS-e820: [mem 0x0000000000100000-0x000000003ffeffff] usable
[    0.000000] BIOS-e820: [mem 0x000000003fff0000-0x000000003fffffff] ACPI data
[    0.000000] BIOS-e820: [mem 0x00000000fec00000-0x00000000fec00fff] reserved
[    0.000000] BIOS-e820: [mem 0x00000000fee00000-0x00000000fee00fff] reserved
[    0.000000] BIOS-e820: [mem 0x00000000fffc0000-0x00000000ffffffff] reserved
[    0.000000] NX (Execute Disable) protection: active
[    0.000000] SMBIOS 2.5 present.
[    0.000000] Hypervisor detected: KVM
[    0.000000] e820: last_pfn = 0x3fff0 max_arch_pfn = 0x400000000
[    0.000000] MTRR: Disabled
[    0.000000] x86/PAT: MTRRs disabled, skipping PAT initialization too.
[    0.000000] CPU MTRRs all blank - virtualized system.
[    0.000000] x86/PAT: Configuration [0-7]: WB  WT  UC- UC  WB  WT  UC- UC  
[    0.000000] found SMP MP-table at [mem 0x0009fff0-0x0009ffff] mapped at [ffff88000009fff0]
[    0.000000] Scanning 1 areas for low memory corruption
[    0.000000] RAMDISK: [mem 0x362e2000-0x37168fff]
[    0.000000] ACPI: Early table checksum verification disabled
[    0.000000] ACPI: RSDP 0x00000000000E0000 000024 (v02 VBOX  )
[    0.000000] ACPI: XSDT 0x000000003FFF0030 00003C (v01 VBOX   VBOXXSDT 00000001 ASL  00000061)
[    0.000000] ACPI: FACP 0x000000003FFF00F0 0000F4 (v04 VBOX   VBOXFACP 00000001 ASL  00000061)
[    0.000000] ACPI: DSDT 0x000000003FFF0470 002325 (v02 VBOX   VBOXBIOS 00000002 INTL 20100528)
[    0.000000] ACPI: FACS 0x000000003FFF0200 000040
[    0.000000] ACPI: FACS 0x000000003FFF0200 000040
[    0.000000] ACPI: APIC 0x000000003FFF0240 00005C (v02 VBOX   VBOXAPIC 00000001 ASL  00000061)
[    0.000000] ACPI: SSDT 0x000000003FFF02A0 0001CC (v01 VBOX   VBOXCPUT 00000002 INTL 20100528)
[    0.000000] No NUMA configuration found
[    0.000000] Faking a node at [mem 0x0000000000000000-0x000000003ffeffff]
[    0.000000] NODE_DATA(0) allocated [mem 0x3ffeb000-0x3ffeffff]
[    0.000000] kvm-clock: Using msrs 4b564d01 and 4b564d00
[    0.000000] kvm-clock: cpu 0, msr 0:3ffe3001, primary cpu clock
[    0.000000] kvm-clock: using sched offset of 5335935243 cycles
[    0.000000] clocksource: kvm-clock: mask: 0xffffffffffffffff max_cycles: 0x1cd42e4dffb, max_idle_ns: 881590591483 ns
[    0.000000] Zone ranges:
[    0.000000]   DMA      [mem 0x0000000000001000-0x0000000000ffffff]
[    0.000000]   DMA32    [mem 0x0000000001000000-0x000000003ffeffff]
[    0.000000]   Normal   empty
[    0.000000]   Device   empty
[    0.000000] Movable zone start for each node
[    0.000000] Early memory node ranges
[    0.000000]   node   0: [mem 0x0000000000001000-0x000000000009efff]
[    0.000000]   node   0: [mem 0x0000000000100000-0x000000003ffeffff]
[    0.000000] Initmem setup node 0 [mem 0x0000000000001000-0x000000003ffeffff]
[    0.000000] ACPI: PM-Timer IO Port: 0x4008
[    0.000000] IOAPIC[0]: apic_id 2, version 32, address 0xfec00000, GSI 0-23
[    0.000000] ACPI: INT_SRC_OVR (bus 0 bus_irq 0 global_irq 2 dfl dfl)
[    0.000000] ACPI: INT_SRC_OVR (bus 0 bus_irq 9 global_irq 9 low level)
[    0.000000] Using ACPI (MADT) for SMP configuration information
[    0.000000] smpboot: Allowing 2 CPUs, 0 hotplug CPUs
[    0.000000] PM: Registered nosave memory: [mem 0x00000000-0x00000fff]
[    0.000000] PM: Registered nosave memory: [mem 0x0009f000-0x0009ffff]
[    0.000000] PM: Registered nosave memory: [mem 0x000a0000-0x000effff]
[    0.000000] PM: Registered nosave memory: [mem 0x000f0000-0x000fffff]
[    0.000000] e820: [mem 0x40000000-0xfebfffff] available for PCI devices
[    0.000000] Booting paravirtualized kernel on KVM
[    0.000000] clocksource: refined-jiffies: mask: 0xffffffff max_cycles: 0xffffffff, max_idle_ns: 7645519600211568 ns
[    0.000000] setup_percpu: NR_CPUS:512 nr_cpumask_bits:512 nr_cpu_ids:2 nr_node_ids:1
[    0.000000] PERCPU: Embedded 33 pages/cpu @ffff88003fc00000 s95512 r8192 d31464 u1048576
[    0.000000] Built 1 zonelists in Node order, mobility grouping on.  Total pages: 257912
[    0.000000] Policy zone: DMA32
[    0.000000] Kernel command line: BOOT_IMAGE=/boot/vmlinuz-4.4.0-186-generic root=LABEL=cloudimg-rootfs ro console=tty1 console=ttyS0
[    0.000000] PID hash table entries: 4096 (order: 3, 32768 bytes)
[    0.000000] Memory: 997668K/1048120K available (8636K kernel code, 1337K rwdata, 4040K rodata, 1492K init, 1296K bss, 50452K reserved, 0K cma-reserved)
[    0.000000] SLUB: HWalign=64, Order=0-3, MinObjects=0, CPUs=2, Nodes=1
[    0.000000] Kernel/User page tables isolation: enabled
[    0.000000] Hierarchical RCU implementation.
[    0.000000] 	Build-time adjustment of leaf fanout to 64.
[    0.000000] 	RCU restricting CPUs from NR_CPUS=512 to nr_cpu_ids=2.
[    0.000000] RCU: Adjusting geometry for rcu_fanout_leaf=64, nr_cpu_ids=2
[    0.000000] NR_IRQS:33024 nr_irqs:440 16
[    0.000000] Console: colour VGA+ 80x25
[    0.000000] console [tty1] enabled
[    0.000000] console [ttyS0] enabled
[    0.000000] tsc: Detected 3408.000 MHz processor
[    0.349875] Calibrating delay loop (skipped) preset value.. 6816.00 BogoMIPS (lpj=13632000)
[    0.354663] pid_max: default: 32768 minimum: 301
[    0.357560] ACPI: Core revision 20150930
[    0.361621] ACPI: 2 ACPI AML tables successfully acquired and loaded
[    0.366147] Security Framework initialized
[    0.369246] Yama: becoming mindful.
[    0.371356] AppArmor: AppArmor initialized
[    0.373818] Dentry cache hash table entries: 131072 (order: 8, 1048576 bytes)
[    0.379069] Inode-cache hash table entries: 65536 (order: 7, 524288 bytes)
[    0.383043] Mount-cache hash table entries: 2048 (order: 2, 16384 bytes)
[    0.386696] Mountpoint-cache hash table entries: 2048 (order: 2, 16384 bytes)
[    0.390751] Initializing cgroup subsys io
[    0.393075] Initializing cgroup subsys memory
[    0.395524] Initializing cgroup subsys devices
[    0.398010] Initializing cgroup subsys freezer
[    0.400551] Initializing cgroup subsys net_cls
[    0.403061] Initializing cgroup subsys perf_event
[    0.405713] Initializing cgroup subsys net_prio
[    0.408294] Initializing cgroup subsys hugetlb
[    0.411000] Initializing cgroup subsys pids
[    0.414407] mce: CPU supports 0 MCE banks
[    0.416702] Last level iTLB entries: 4KB 128, 2MB 8, 4MB 8
[    0.419705] Last level dTLB entries: 4KB 64, 2MB 0, 4MB 0, 1GB 4
[    0.423048] Spectre V1 : Mitigation: usercopy/swapgs barriers and __user pointer sanitization
[    0.427805] Spectre V2 : Mitigation: Full generic retpoline
[    0.430906] Spectre V2 : Spectre v2 / SpectreRSB mitigation: Filling RSB on context switch
[    0.435497] Speculative Store Bypass: Vulnerable
[    0.438164] SRBDS: Unknown: Dependent on hypervisor status
[    0.441332] MDS: Mitigation: Clear CPU buffers
[    0.446138] Freeing SMP alternatives memory: 36K
[    0.453815] ftrace: allocating 32334 entries in 127 pages
[    0.505997] smpboot: APIC(0) Converting physical 0 to logical package 0
[    0.509721] smpboot: Max logical packages: 1
[    0.512462] x2apic enabled
[    0.514265] Switched APIC routing to physical x2apic.
[    0.517969] ..TIMER: vector=0x30 apic1=0 pin1=2 apic2=-1 pin2=-1
[    0.629673] smpboot: CPU0: Intel(R) Core(TM) i5-7500 CPU @ 3.40GHz (family: 0x6, model: 0x9e, stepping: 0x9)
[    0.635564] Performance Events: unsupported p6 CPU model 158 no PMU driver, software events only.
[    0.649616] KVM setup paravirtual spinlock
[    0.652532] x86: Booting SMP configuration:
[    0.654958] .... node  #0, CPUs:      #1
[    0.657443] kvm-clock: cpu 1, msr 0:3ffe3041, secondary cpu clock
[    0.661720] mce: CPU supports 0 MCE banks
[    0.665793] x86: Booted up 1 node, 2 CPUs
[    0.668236] smpboot: Total of 2 processors activated (13632.00 BogoMIPS)
[    0.672432] devtmpfs: initialized
[    0.675826] evm: security.selinux
[    0.677809] evm: security.SMACK64
[    0.679790] evm: security.SMACK64EXEC
[    0.681988] evm: security.SMACK64TRANSMUTE
[    0.684361] evm: security.SMACK64MMAP
[    0.686519] evm: security.ima
[    0.688287] evm: security.capability
[    0.690664] clocksource: jiffies: mask: 0xffffffff max_cycles: 0xffffffff, max_idle_ns: 7645041785100000 ns
[    0.696136] futex hash table entries: 512 (order: 3, 32768 bytes)
[    0.699673] pinctrl core: initialized pinctrl subsystem
[    0.702737] RTC time:  1:42:44, date: 08/20/20
[    0.705465] NET: Registered protocol family 16
[    0.717707] cpuidle: using governor ladder
[    0.729751] cpuidle: using governor menu
[    0.732023] PCCT header not found.
[    0.734045] ACPI: bus type PCI registered
[    0.736345] acpiphp: ACPI Hot Plug PCI Controller Driver version: 0.5
[    0.740069] PCI: Using configuration type 1 for base access
[    0.754041] ACPI: Added _OSI(Module Device)
[    0.756436] ACPI: Added _OSI(Processor Device)
[    0.758961] ACPI: Added _OSI(3.0 _SCP Extensions)
[    0.761793] ACPI: Added _OSI(Processor Aggregator Device)
[    0.765466] ACPI: Executed 1 blocks of module-level executable AML code
[    0.770906] ACPI: Interpreter enabled
[    0.773084] ACPI: (supports S0 S5)
[    0.775061] ACPI: Using IOAPIC for interrupt routing
[    0.777964] PCI: Using host bridge windows from ACPI; if necessary, use "pci=nocrs" and report a bug
[    0.786692] ACPI: PCI Root Bridge [PCI0] (domain 0000 [bus 00-ff])
[    0.790185] acpi PNP0A03:00: _OSC: OS supports [ASPM ClockPM Segments MSI]
[    0.794288] acpi PNP0A03:00: _OSC: not requesting OS control; OS requires [ExtendedConfig ASPM ClockPM MSI]
[    0.799678] acpi PNP0A03:00: fail to add MMCONFIG information, can't access extended PCI configuration space under this bridge.
[    0.806396] PCI host bridge to bus 0000:00
[    0.808783] pci_bus 0000:00: root bus resource [io  0x0000-0x0cf7 window]
[    0.812516] pci_bus 0000:00: root bus resource [io  0x0d00-0xffff window]
[    0.816275] pci_bus 0000:00: root bus resource [mem 0x000a0000-0x000bffff window]
[    0.820525] pci_bus 0000:00: root bus resource [mem 0x40000000-0xfdffffff window]
[    0.824823] pci_bus 0000:00: root bus resource [bus 00-ff]
[    0.830296] pci 0000:00:01.1: legacy IDE quirk: reg 0x10: [io  0x01f0-0x01f7]
[    0.834190] pci 0000:00:01.1: legacy IDE quirk: reg 0x14: [io  0x03f6]
[    0.837776] pci 0000:00:01.1: legacy IDE quirk: reg 0x18: [io  0x0170-0x0177]
[    0.849045] pci 0000:00:01.1: legacy IDE quirk: reg 0x1c: [io  0x0376]
[    0.865227] pci 0000:00:07.0: quirk: [io  0x4000-0x403f] claimed by PIIX4 ACPI
[    0.869557] pci 0000:00:07.0: quirk: [io  0x4100-0x410f] claimed by PIIX4 SMB
[    0.881412] ACPI: PCI Interrupt Link [LNKA] (IRQs 5 9 10 *11)
[    0.885706] ACPI: PCI Interrupt Link [LNKB] (IRQs 5 9 *10 11)
[    0.889627] ACPI: PCI Interrupt Link [LNKC] (IRQs 5 *9 10 11)
[    0.893712] ACPI: PCI Interrupt Link [LNKD] (IRQs 5 9 10 *11)
[    0.897914] ACPI: Enabled 2 GPEs in block 00 to 07
[    0.901215] vgaarb: setting as boot device: PCI:0000:00:02.0
[    0.904299] vgaarb: device added: PCI:0000:00:02.0,decodes=io+mem,owns=io+mem,locks=none
[    0.908752] vgaarb: loaded
[    0.910495] vgaarb: bridge control possible 0000:00:02.0
[    0.913815] SCSI subsystem initialized
[    0.916220] ACPI: bus type USB registered
[    0.918540] usbcore: registered new interface driver usbfs
[    0.921650] usbcore: registered new interface driver hub
[    0.924673] usbcore: registered new device driver usb
[    0.927968] PCI: Using ACPI for IRQ routing
[    0.931783] NetLabel: Initializing
[    0.933789] NetLabel:  domain hash size = 128
[    0.936246] NetLabel:  protocols = UNLABELED CIPSOv4
[    0.939053] NetLabel:  unlabeled traffic allowed by default
[    0.942309] amd_nb: Cannot enumerate AMD northbridges
[    0.945168] clocksource: Switched to clocksource kvm-clock
[    0.954448] AppArmor: AppArmor Filesystem Enabled
[    0.957201] pnp: PnP ACPI init
[    0.960021] pnp: PnP ACPI: found 3 devices
[    0.972733] clocksource: acpi_pm: mask: 0xffffff max_cycles: 0xffffff, max_idle_ns: 2085701024 ns
[    0.977642] NET: Registered protocol family 2
[    0.980206] TCP established hash table entries: 8192 (order: 4, 65536 bytes)
[    0.984095] TCP bind hash table entries: 8192 (order: 5, 131072 bytes)
[    0.987682] TCP: Hash tables configured (established 8192 bind 8192)
[    0.991114] UDP hash table entries: 512 (order: 2, 16384 bytes)
[    0.994358] UDP-Lite hash table entries: 512 (order: 2, 16384 bytes)
[    0.997869] NET: Registered protocol family 1
[    1.000296] pci 0000:00:00.0: Limiting direct PCI/PCI transfers
[    1.003545] pci 0000:00:01.0: Activating ISA DMA hang workarounds
[    1.007043] Unpacking initramfs...
[    1.202024] Freeing initrd memory: 14876K
[    1.204663] clocksource: tsc: mask: 0xffffffffffffffff max_cycles: 0x311fd3cd494, max_idle_ns: 440795223879 ns
[    1.210152] platform rtc_cmos: registered platform RTC device (no PNP device found)
[    1.214494] Scanning for low memory corruption every 60 seconds
[    1.218157] audit: initializing netlink subsys (disabled)
[    1.221150] audit: type=2000 audit(1597887770.824:1): initialized
[    1.225076] Initialise system trusted keyring
[    1.227910] HugeTLB registered 2 MB page size, pre-allocated 0 pages
[    1.232446] zbud: loaded
[    1.234353] VFS: Disk quotas dquot_6.6.0
[    1.236597] VFS: Dquot-cache hash table entries: 512 (order 0, 4096 bytes)
[    1.240515] squashfs: version 4.0 (2009/01/31) Phillip Lougher
[    1.244064] fuse init (API version 7.23)
[    1.246450] Key type big_key registered
[    1.248708] Allocating IMA MOK and blacklist keyrings.
[    1.254234] Key type asymmetric registered
[    1.256611] Asymmetric key parser 'x509' registered
[    1.259360] Block layer SCSI generic (bsg) driver version 0.4 loaded (major 249)
[    1.263593] io scheduler noop registered
[    1.265855] io scheduler deadline registered (default)
[    1.268710] io scheduler cfq registered
[    1.270963] pci_hotplug: PCI Hot Plug PCI Core version: 0.5
[    1.274049] pciehp: PCI Express Hot Plug Controller Driver version: 0.4
[    1.277888] ACPI: AC Adapter [AC] (on-line)
[    1.280276] input: Power Button as /devices/LNXSYSTM:00/LNXPWRBN:00/input/input0
[    1.284419] ACPI: Power Button [PWRF]
[    1.286587] input: Sleep Button as /devices/LNXSYSTM:00/LNXSLPBN:00/input/input1
[    1.290953] ACPI: Sleep Button [SLPF]
[    1.293345] GHES: HEST is not enabled!
[    1.295556] Serial: 8250/16550 driver, 32 ports, IRQ sharing enabled
[    1.319580] 00:02:ttyS0 at I/O 0x3f8 (irq= 4, base_baud = 115200 is a 16550A
    1.326665] Linux aggart interface v0.103[    1.331067] loop: module loaded
[    1.333672] scsi host0: ata_piix
[    1.335947] scsi host1: ata_piix
[    1.337907] ata1: PATA max UDMA/33 cmd 0x1f0 ctl 0x3f6 bmdma 0xd000 irq 14
[    1.341752] ata2: PATA max UDMA/33 cmd 0x170 ctl 0x376 bmdma 0xd008 irq 15
[    1.346128] libphy: Fixed MDIO Bus: probed
[    1.348474] tun: Universal TUN/TAP device driver, 1.6
[    1.351331] tun: (C) 1999-2004 Max Krasnyansky <maxk@qualcomm.com>
[    1.354805] PPP generic driver version 2.4.2
[    1.357276] ehci_hcd: USB 2.0 'Enhanced' Host Controller (EHCI) Driver
[    1.360903] ehci-pci: EHCI PCI platform driver
[    1.363537] ehci-platform: EHCI generic platform driver
[    1.366496] ohci_hcd: USB 1.1 'Open' Host Controller (OHCI) Driver
[    1.369901] ohci-pci: OHCI PCI platform driver
[    1.372411] ohci-platform: OHCI generic platform driver
[    1.375707] uhci_hcd: USB Universal Host Controller Interface driver
[    1.379321] i8042: PNP: PS/2 Controller [PNP0303:PS2K,PNP0f03:PS2M] at 0x60,0x64 irq 1,12
[    1.385050] serio: i8042 KBD port at 0x60,0x64 irq 1
[    1.388063] serio: i8042 AUX port at 0x60,0x64 irq 12
[    1.391101] mousedev: PS/2 mouse device common for all mice
[    1.394725] rtc_cmos rtc_cmos: rtc core: registered rtc_cmos as rtc0
[    1.398407] rtc_cmos rtc_cmos: alarms up to one day, 114 bytes nvram
[    1.402966] i2c /dev entries driver
[    1.405349] device-mapper: uevent: version 1.0.3
[    1.409161] input: AT Translated Set 2 keyboard as /devices/platform/i8042/serio0/input/input2
[    1.416143] device-mapper: ioctl: 4.34.0-ioctl (2015-10-28) initialised: dm-devel@redhat.com
[    1.421706] ledtrig-cpu: registered to indicate activity on CPUs
[    1.426085] NET: Registered protocol family 10
[    1.429269] NET: Registered protocol family 17
[    1.432374] Key type dns_resolver registered
[    1.435944] registered taskstats version 1
[    1.439072] Loading compiled-in X.509 certificates
[    1.442542] Loaded X.509 cert 'Build time autogenerated kernel key: cef5e81496c0efa51b848ab539e845ddf31c08be'
[    1.448500] zswap: loaded using pool lzo/zbud
[    1.452998] Key type trusted registered
[    1.458040] Key type encrypted registered
[    1.460586] AppArmor: AppArmor sha1 policy hashing enabled
[    1.463892] ima: No TPM chip found, activating TPM-bypass!
[    1.466996] ima: Allocated hash algorithm: sha1
[    1.469577] evm: HMAC attrs: 0x1
[    1.471879]   Magic number: 0:303:711
[    1.474160] rtc_cmos rtc_cmos: setting system clock to 2020-08-20 01:42:44 UTC (1597887764)
[    1.480443] BIOS EDD facility v0.16 2004-Jun-25, 0 devices found
[    1.484861] EDD information not available.
[    1.524754] Freeing unused kernel memory: 1492K
[    1.527408] Write protecting the kernel read-only data: 14336k
[    1.531075] Freeing unused kernel memory: 1592K
[    1.533843] Freeing unused kernel memory: 56K
Loading, please wait...
starting version 229
[    1.548946] random: systemd-udevd: uninitialized urandom read (16 bytes read, 3 bits of entropy available)
[    1.549761] random: udevadm: uninitialized urandom read (16 bytes read, 3 bits of entropy available)
[    1.549794] random: udevadm: uninitialized urandom read (16 bytes read, 3 bits of entropy available)
[    1.560414] random: udevadm: uninitialized urandom read (16 bytes read, 3 bits of entropy available)
[    1.560473] random: udevadm: uninitialized urandom read (16 bytes read, 3 bits of entropy available)
[    1.560702] random: udevadm: uninitialized urandom read (16 bytes read, 3 bits of entropy available)
[    1.560783] random: udevadm: uninitialized urandom read (16 bytes read, 3 bits of entropy available)
[    1.560863] random: udevadm: uninitialized urandom read (16 bytes read, 3 bits of entropy available)
[    1.560926] random: udevadm: uninitialized urandom read (16 bytes read, 3 bits of entropy available)
[    1.561005] random: udevadm: uninitialized urandom read (16 bytes read, 3 bits of entropy available)
[    1.624638] e1000: Intel(R) PRO/1000 Network Driver - version 7.3.21-k8-NAPI
[    1.628705] e1000: Copyright (c) 1999-2006 Intel Corporation.
[    1.633857] Fusion MPT base driver 3.04.20
[    1.636265] Copyright (c) 1999-2008 LSI Corporation
[    1.653122] AVX2 version of gcm_enc/dec engaged.
[    1.655996] AES CTR mode by8 optimization enabled
[    1.660437] Fusion MPT SPI Host driver 3.04.20
[    1.842278] input: ImExPS/2 Generic Explorer Mouse as /devices/platform/i8042/serio1/input/input4
[    2.029635] e1000 0000:00:03.0 eth0: (PCI:33MHz:32-bit) 02:d4:60:56:24:74
[    2.033530] e1000 0000:00:03.0 eth0: Intel(R) PRO/1000 Network Connection
[    2.038001] mptbase: ioc0: Initiating bringup
[    2.102297] ioc0: LSI53C1030 A0: Capabilities={Initiator}
[    2.268280] scsi host2: ioc0: LSI53C1030 A0, FwRev=00000000h, Ports=1, MaxQ=256, IRQ=20
[    2.381844] scsi 2:0:0:0: Direct-Access     VBOX     HARDDISK         1.0  PQ: 0 ANSI: 5
[    2.386502] scsi target2:0:0: Beginning Domain Validation
[    2.392277] scsi target2:0:0: Domain Validation skipping write tests
[    2.395711] scsi target2:0:0: Ending Domain Validation
[    2.398660] scsi target2:0:0: asynchronous
[    2.401944] scsi 2:0:1:0: Direct-Access     VBOX     HARDDISK         1.0  PQ: 0 ANSI: 5
[    2.406490] scsi target2:0:1: Beginning Domain Validation
[    2.411469] scsi target2:0:1: Domain Validation skipping write tests
[    2.415089] scsi target2:0:1: Ending Domain Validation
[    2.418074] scsi target2:0:1: asynchronous
[    2.437866] sd 2:0:0:0: Attached scsi generic sg0 type 0
[    2.449353] sd 2:0:1:0: [sdb] 20480 512-byte logical blocks: (10.5 MB/10.0 MiB)
[    2.453585] sd 2:0:1:0: Attached scsi generic sg1 type 0
[    2.456431] sd 2:0:0:0: [sda] 20971520 512-byte logical blocks: (10.7 GB/10.0 GiB)
[    2.461132] sd 2:0:1:0: [sdb] Write Protect is off
[    2.463883] sd 2:0:0:0: [sda] Write Protect is off
[    2.466762] sd 2:0:1:0: [sdb] Incomplete mode parameter data
[    2.469928] sd 2:0:1:0: [sdb] Assuming drive cache: write through
[    2.473481] sd 2:0:0:0: [sda] Incomplete mode parameter data
[    2.476631] sd 2:0:0:0: [sda] Assuming drive cache: write through
[    2.486783]  sda: sda1
[    2.489201] sd 2:0:0:0: [sda] Attached SCSI disk
[    2.492465] sd 2:0:1:0: [sdb] Attached SCSI disk
[    2.785904] e1000 0000:00:08.0 eth1: (PCI:33MHz:32-bit) 08:00:27:0d:d7:08
[    2.789768] e1000 0000:00:08.0 eth1: Intel(R) PRO/1000 Network Connection
[    2.795099] e1000 0000:00:03.0 enp0s3: renamed from eth0
[    2.813383] e1000 0000:00:08.0 enp0s8: renamed from eth1
Begin: Loading essential drivers ... [    4.067300] md: linear personality registered for level -1
[    4.072525] md: multipath personality registered for level -4
[    4.077955] md: raid0 personality registered for level 0
[    4.084081] md: raid1 personality registered for level 1
[    4.157766] raid6: sse2x1   gen() 13308 MB/s
[    4.225391] raid6: sse2x1   xor()  9787 MB/s
[    4.293407] raid6: sse2x2   gen() 16404 MB/s
[    4.361204] raid6: sse2x2   xor() 11193 MB/s
[    4.429297] raid6: sse2x4   gen() 18627 MB/s
[    4.497441] raid6: sse2x4   xor() 11669 MB/s
[    4.565430] raid6: avx2x1   gen() 22871 MB/s
[    4.633381] raid6: avx2x2   gen() 30166 MB/s
[    4.701310] raid6: avx2x4   gen() 33570 MB/s
[    4.703710] raid6: using algorithm avx2x4 gen() 33570 MB/s
[    4.706917] raid6: using avx2x2 recovery algorithm
[    4.710944] xor: automatically using best checksumming function:
[    4.757302]    avx       : 25789.000 MB/sec
[    4.761676] async_tx: api initialized (async)
[    4.775120] md: raid6 personality registered for level 6
[    4.778500] md: raid5 personality registered for level 5
[    4.781885] md: raid4 personality registered for level 4
[    4.791423] md: raid10 personality registered for level 10
done.
Begin: Running /scripts/init-premount ... done.
Begin: Mounting root file system ... Begin: Running /scripts/local-top ... done.
Begin: Running /scripts/local-premount ... [    4.819983] Btrfs loaded
Scanning for Btrfs filesystems
done.
Warning: fsck not present, so skipping root file system
[    4.899912] EXT4-fs (sda1): mounted filesystem with ordered data mode. Opts: (null)
done.
Begin: Running /scripts/local-bottom ... done.
Begin: Running /scripts/init-bottom ... done.
[    5.403007] systemd[1]: systemd 229 running in system mode. (+PAM +AUDIT +SELINUX +IMA +APPARMOR +SMACK +SYSVINIT +UTMP +LIBCRYPTSETUP +GCRYPT +GNUTLS +ACL +XZ -LZ4 +SECCOMP +BLKID +ELFUTILS +KMOD -IDN)
[    5.413239] systemd[1]: Detected virtualization oracle.
[    5.416335] systemd[1]: Detected architecture x86-64.

Welcome to [1mUbuntu 16.04.6 LTS[0m!

[    5.451317] systemd[1]: Set hostname to <ubuntu>.
[    5.477087] systemd[1]: Initializing machine ID from random generator.
[    5.480876] systemd[1]: Installed transient /etc/machine-id file.
[    5.956454] systemd[1]: Listening on udev Kernel Socket.
[[0;32m  OK  [0m] Listening on udev Kernel Socket.
[    5.965480] systemd[1]: Listening on Journal Socket (/dev/log).
[[0;32m  OK  [0m] Listening on Journal Socket (/dev/log).
[    5.977495] systemd[1]: Listening on Journal Socket.
[[0;32m  OK  [0m] Listening on Journal Socket.
[    5.989331] systemd[1]: Listening on udev Control Socket.
[[0;32m  OK  [0m] Listening on udev Control Socket.
[    6.002169] systemd[1]: Created slice User and Session Slice.
[[0;32m  OK  [0m] Created slice User and Session Slice.
[    6.013492] systemd[1]: Listening on Syslog Socket.
[[0;32m  OK  [0m] Listening on Syslog Socket.
[    6.207642] systemd[1]: Listening on LVM2 metadata daemon socket.
[[0;32m  OK  [0m] Listening on LVM2 metadata daemon socket.
[    6.266117] systemd[1]: Listening on /dev/initctl Compatibility Named Pipe.
[[0;32m  OK  [0m] Listening on /dev/initctl Compatibility Named Pipe.
[    6.500093] systemd[1]: Reached target Swap.
[[0;32m  OK  [0m] Reached target Swap.
[    6.568873] systemd[1]: Started Trigger resolvconf update for networkd DNS.
[[0;32m  OK  [0m] Started Trigger resolvconf update for networkd DNS.
[    6.646490] systemd[1]: Reached target Encrypted Volumes.
[[0;32m  OK  [0m] Reached target Encrypted Volumes.
[    6.672685] systemd[1]: Created slice System Slice.
[[0;32m  OK  [0m] Created slice System Slice.
[    7.090544] systemd[1]: Reached target Slices.
[[0;32m  OK  [0m] Reached target Slices.
[    7.210007] systemd[1]: Starting Set console keymap...
         Starting Set console keymap...
[    7.222017] systemd[1]: Created slice system-serial\x2dgetty.slice.
[[0;32m  OK  [0m] Created slice system-serial\x2dgetty.slice.
[    7.233975] systemd[1]: Mounting Huge Pages File System...
         Mounting Huge Pages File System...
[    7.251814] systemd[1]: Mounting POSIX Message Queue File System...
         Mounting POSIX Message Queue File System...
[    7.261720] systemd[1]: Listening on Device-mapper event daemon FIFOs.
[[0;32m  OK  [0m] Listening on Device-mapper event daemon FIFOs.
[    7.273902] systemd[1]: Starting Monitoring of LVM2 mirrors, snapshots etc. using dmeventd or progress polling...
         Starting Monitoring of LVM2 mirrors... dmeventd or progress polling...
[    7.289608] systemd[1]: Set up automount Arbitrary Executable File Formats File System Automount Point.
[[0;32m  OK  [0m] Set up automount Arbitrary Executab...ats File System Automount Point.
[    7.325317] systemd[1]: Starting Remount Root and Kernel File Systems...
         Starting Remount Root and Kernel File Systems...
[    7.334772] EXT4-fs (sda1): re-mounted. Opts: (null)
[    7.338374] systemd[1]: Mounting Debug File System...
         Mounting Debug File System...
[    7.349668] systemd[1]: Listening on Journal Audit Socket.
[[0;32m  OK  [0m] Listening on Journal Audit Socket.
[    7.362491] systemd[1]: Starting Journal Service...
         Starting Journal Service...
[    7.373424] systemd[1]: Reached target System Time Synchronized.
[[0;32m  OK  [0m] Reached target System Time Synchronized.
[    7.385388] systemd[1]: Reached target User and Group Name Lookups.
[[0;32m  OK  [0m] Reached target User and Group Name Lookups.
[    7.397490] systemd[1]: Listening on LVM2 poll daemon socket.
[[0;32m  OK  [0m] Listening on LVM2 poll daemon socket.
[    7.429333] systemd[1]: Starting Create list of required static device nodes for the current kernel...
[
   7.437604] random: nonblocking pool is initialized
         Starting Create list of required st... nodes for the current kernel...
[    7.449911] systemd[1]: Starting Load Kernel Modules...
         Starting Load Kernel Modules...
[    7.456390] systemd[1]: Starting Nameserver information manager...
         Starting Nameserver information manager...
[    7.469522] systemd[1]: Started Forward Password Requests to Wall Directory Watch.
[[0;32m  OK  [0m] Started Forward Password Requests to Wall Directory Watch.
[    7.486946] Loading iSCSI transport class v2.0-870.
[    7.493616] systemd[1]: Starting Uncomplicated firewall...
         Starting Uncomplicated firewall...
[    7.503633] iscsi: registered transport (tcp)
[    7.508510] systemd[1]: Mounted Debug File System.
[[0;32m  OK  [0m] Mounted Debug File System.
[    7.517443] systemd[1]: Mounted POSIX Message Queue File System.
[[0;32m  OK  [0m] Mounted POSIX Message Queue File System.
[    7.529330] systemd[1]: Mounted Huge Pages File System.
[[0;32m  OK  [0m] Mounted Huge Pages File System.
[    7.537698] systemd[1]: Started Journal Service.
[[0;32m  OK  [0m] Started Journal Service.
[[0;32m  OK  [0m] Started Set console keymap.
[[0;32m  OK  [0m] Started Remount Root and Kernel File Systems.
[    7.558868] iscsi: registered transport (iser)
[[0;32m  OK  [0m] Started Create list of required sta...ce nodes for the current kernel.
[[0;32m  OK  [0m] Started Load Kernel Modules.
[[0;32m  OK  [0m] Started Uncomplicated firewall.
[[0;32m  OK  [0m] Started LVM2 metadata daemon.
         Mounting FUSE Control File System...
         Starting Apply Kernel Variables...
         Starting Create Static Device Nodes in /dev...
         Starting Load/Save Random Seed...
         Starting udev Coldplug all Devices...
         Starting Flush Journal to Persistent Storage...
[[0;32m  OK  [0m] Mounted FUSE Control File System.
[[0;32m  OK  [0m] Started Nameserver information manager.
[[0;32m  OK  [0m] Started Apply Kernel Variables.
[[0;32m  OK  [0m] Started Load/Save Random Seed.
[[0;32m  OK  [0m] Started Flush Journal to Persistent Storage.
[[0;32m  OK  [0m] Started udev Coldplug all Devices.
[[0;32m  OK  [0m] Started Create Static Device Nodes in /dev.
         Starting udev Kernel Device Manager...
[[0;32m  OK  [0m] Started udev Kernel Device Manager.
[[0;32m  OK  [0m] Started Dispatch Password Requests to Console Directory Watch.
[[0;32m  OK  [0m] Found device /dev/ttyS0.
[[0;32m  OK  [0m] Listening on Load/Save RF Kill Switch Status /dev/rfkill Watch.
[[0;32m  OK  [0m] Started Monitoring of LVM2 mirrors,...ng dmeventd or progress polling.
[[0;32m  OK  [0m] Reached target Local File Systems (Pre).
[[0;32m  OK  [0m] Reached target Local File Systems.
         Starting Commit a transient machine-id on disk...
         Starting LSB: AppArmor initialization...
         Starting Create Volatile Files and Directories...
         Starting Set console font and keymap...
         Starting Tell Plymouth To Write Out Runtime Data...
         Starting Initial cloud-init job (pre-networking)...
[[0;32m  OK  [0m] Started Commit a transient machine-id on disk.
[[0;32m  OK  [0m] Started Create Volatile Files and Directories.
[[0;32m  OK  [0m] Started Tell Plymouth To Write Out Runtime Data.
         Starting Update UTMP about System Boot/Shutdown...
[[0;32m  OK  [0m] Started Update UTMP about System Boot/Shutdown.
[[0;32m  OK  [0m] Started LSB: AppArmor initialization.
         Starting Load AppArmor profiles managed internally by snapd...
[[0;32m  OK  [0m] Started Load AppArmor profiles managed internally by snapd.
[[0;32m  OK  [0m] Started Set console font and keymap.
[[0;32m  OK  [0m] Created slice system-getty.slice.
[   10.372159] cloud-init[632]: Cloud-init v. 20.2-45-g5f7825e2-0ubuntu1~16.04.1 running 'init-local' at Thu, 20 Aug 2020 01:42:53 +0000. Up 10.03 seconds.
[[0;32m  OK  [0m] Started Initial cloud-init job (pre-networking).
[[0;32m  OK  [0m] Reached target Network (Pre).
         Starting Raise network interfaces...
[[0;32m  OK  [0m] Started Raise network interfaces.
[[0;32m  OK  [0m] Reached target Network.
         Starting Initial cloud-init job (metadata service crawler)...
[   11.806499] cloud-init[969]: Cloud-init v. 20.2-45-g5f7825e2-0ubuntu1~16.04.1 running 'init' at Thu, 20 Aug 2020 01:42:54 +0000. Up 10.89 seconds.
[   11.812473] cloud-init[969]: ci-info: ++++++++++++++++++++++++++++++++++++++Net device info+++++++++++++++++++++++++++++++++++++++
[   11.820386] cloud-init[969]: ci-info: +--------+-------+----------------------------+---------------+--------+-------------------+
[   11.828784] cloud-init[969]: ci-info: | Device |   Up  |          Address           |      Mask     | Scope  |     Hw-Address    |
[   11.836512] cloud-init[969]: ci-info: +--------+-------+----------------------------+---------------+--------+-------------------+
[   11.844384] cloud-init[969]: ci-info: | enp0s3 |  True |         10.0.2.15          | 255.255.255.0 | global | 02:d4:60:56:24:74 |
[[0;32m  OK  [0m] Started Initial cloud-init job (metadata service crawler).
[   11.844587] cloud-init[969]: ci-info: | enp0s3 |  True | fe80::d4:60ff:fe56:2474/64 |       .       |  link  | 02:d4:60:56:24:74 |
[   11.860258] cloud-init[969]: ci-info: | enp0s8 | False |             .              |       .       |   .    | 08:00:27:0d:d7:08 |
[   11.860519] cloud-init[969]: ci-info: |   lo   |  True |         127.0.0.1          |   255.0.0.0   |  host  |         .         |
[[0;32m  OK  [0m] Reached target Cloud-config availability.
[   11.860605] cloud-init[969]: ci-info: |   lo   |  True |          ::1/128           |       .       |  host  |         .         |
[   11.868487] cloud-init[969]: ci-info: +--------+-------+----------------------------+---------------+--------+-------------------+
[[0;32m  OK  [0m] Reached target System Initialization.
[   11.868571] cloud-init[969]: ci-info: +++++++++++++++++++++++++++Route IPv4 info++++++++++++++++++++++++++++
[   11.876584] cloud-init[969]: ci-info: +-------+-------------+----------+---------------+-----------+-------+
[[0;32m  OK  [0m] Listening on ACPID Listen Socket.
[   11.876671] cloud-init[969]: ci-info: | Route | Destination | Gateway  |    Genmask    | Interface | Flags |
[   11.884618] cloud-init[969]: ci-info: +-------+-------------+----------+---------------+-----------+-------+
[[0;32m  OK  [0m] Started Message of the Day.
[[   11.884724] cloud-init[969]: ci-info: |   0   |   0.0.0.0   | 10.0.2.2 |    0.0.0.0    |   enp0s3  |   UG  |
[   11.892640] cloud-init[969]: [0;32m  OK  [0m] Started Daily apt download activities.
ci-info: |   1   |   10.0.2.0  | 0.0.0.0  | 255.255.255.0 |   enp0s3  |   U   |
[   11.900206] cloud-init[969]: ci-info: +-------+-------------+----------+---------------+-----------+-------+
[   11.900505] cloud-init[969]: ci-info: +++++++++++++++++++Route IPv6 info+++++++++++++++++++
[[0;32m  OK  [0m[   11.900602] cloud-init[969]: ci-info: +-------+-------------+---------+-----------+-------+
] Started Daily Cleanup of Temporary Directories.
         [   11.900719] Starting Socket activation for snappy daemon.cloud-init
[969]: ci-info: | Route | Destination | Gateway | Interface | Flags |
[   11.916327] cloud-init[969]: ci-info: +-------+-------------+---------+-----------+-------+
[   11.916547] cloud-init[969]: ci-info: |   0   |  fe80::/64  |    ::   |   enp0s3  |   U   |
[[0;32m  OK  [0m] Listening on UUID daemon activation socket.
[   11.916705] cloud-init[969]: ci-info: |   3   |   ff00::/8  |    ::   |   enp0s3  |   U   |
[   11.932296] cloud-init[969]: ci-info: +-------+-------------+---------+-----------+-------+
[   11.932540] cloud-init[969]: Generating public/private rsa key pair.
[[0;32m  OK  [0m] Started ACPI Events Check.
[[   11.932638] cloud-init[969]: Your identification has been saved in /etc/ssh/ssh_host_rsa_key.
[   11.940833] cloud-init[969]: Your public key has been saved in /etc/ssh/ssh_host_rsa_key.pub.
[0;32m  OK  [0m] Reached target Paths.
[[   11.940937] cloud-init[969]: The key fingerprint is:
[   11.948576] cloud-init[969]: SHA256:KL9WnZO1Fvp7hRjUROrJJLh+3M0yfc8+MPCLyXD3ui4 root@ubuntu-xenial
[0;32m  OK  [0m] Started Daily apt upgrade and clean activities.
[   11.948667] cloud-init[969]: The key's randomart image is:
[   11.956455] cloud-init[969]: +---[RSA 2048]----+
[[   11.956543] [0;32m  OK  [0mcloud-init] [969]: Reached target Timers.|             +o  |

[   11.964237] cloud-init[969]: |         .  ...  |
[   11.964548] cloud-init[969]: |        . ..o    |
[[0;32m  OK  [0m] Listening on D-Bus System Message Bus Socket.
[   11.964672] cloud-init[969]: |       . . *+.   |
[   11.980202] cloud-init[969]: |    . . S. =*= . |
[   11.980523] cloud-init[969]: |     o ..o*o+O. .|
         Starting LXD - unix socket.
[[   11.980562] cloud-init[969]: |      ... *+B O..|
[   11.988690] cloud-init[969]: |      .. . E.+.=.|
[0;32m  OK  [0m] Reached target Network is Online.
[   11.988754] cloud-init[969]: |     ..     +*o.=|
[   12.004173] cloud-init[969]: +----[SHA256]-----+
[   12.012365] cloud-init[969]: Generating public/private dsa key pair.
[   12.022438] cloud-init[969]: Your identification has been saved in /etc/ssh/ssh_host_dsa_key.
         Starting iSCSI initiator daemon (iscsid)...
[   12.023432] [[0;32m  OK  [0mcloud-init] [969]: Listening on Socket activation for snappy daemon.Your public key has been saved in /etc/ssh/ssh_host_dsa_key.pub.

[   12.032328] [cloud-init[0;32m  OK  [0m[969]: ] The key fingerprint is:Listening on LXD - unix socket.

[   12.032842] cloud-init[969]: SHA256:kYdcktg9BR4aw0QoLTNWPyikldfMgG4BvIkhWecaw2Y root@ubuntu-xenial
[   12.041287] cloud-init[969]: The key's randomart image is:
[   12.048261] cloud-init[969]: +---[DSA 1024]----+
[[   12.056447] cloud-init[969]: | +o.+=o%*o+o.    |
[   12.056880] [0;32m  OK  [0mcloud-init] [969]: Reached target Sockets.|+..*X =+BXo.     |

[   12.057106] cloud-init[969]: |.oE=oB. O o.     |
[   12.064671] cloud-init[969]: |.oo+o.   +       |
[[0;32m  OK  [0m] Reached target Basic System.
[   12.064732] cloud-init[969]: |  ..    S        |
[   12.080610] cloud-init[969]: |                 |
[   12.080859] cloud-init[969]: |                 |
         Starting LSB: MD monitoring daemon...
[   12.080953] cloud-init[969]: |                 |
[   12.096313] cloud-init[969]: |                 |
[   12.104278] cloud-init[969]: +----[SHA256]-----+
[   12.104578] cloud-init[969]: Generating public/private ecdsa key pair.
[[   12.104676] [0;32m  OK  [0mcloud-init] [969]: Started ACPI event daemon.Your identification has been saved in /etc/ssh/ssh_host_ecdsa_key.

[   12.112330] cloud-init[969]: Your public key has been saved in /etc/ssh/ssh_host_ecdsa_key.pub.
[   12.120372] cloud-init[969]: The key fingerprint is:
[   12.120701] cloud-init[969]: SHA256:AShLd2MXqvqOcsEGYO+9i6jZLgKkUf2TlYWv8Ssx4VY root@ubuntu-xenial
         Starting Accounts Service...
[   12.120788] cloud-init[969]: The key's randomart image is:
[   12.136558] cloud-init[969]: +---[ECDSA 256]---+
[   12.144492] cloud-init[969]: |   . .. .=.      |
[   12.144677] cloud-init[969]: |..+ + +o=        |
         Starting System Logging Service...
[   12.144764] cloud-init[969]: |oo.+ +.=..       |
[   12.160470] cloud-init[969]: |o... .+ o.E      |
[   12.160659] cloud-init[969]: |o+. o  oS*       |
         Starting Login Service...
[   12.160743] cloud-init[969]: |o +o .  * .      |
[   12.168207] cloud-init[969]: |....  .. o .     |
         Starting /etc/rc.local Compatibility...
[   12.168469] cloud-init[969]: |+ooo..  . .      |
[   12.169681] cloud-init[969]: |=*+oo..  .       |
         [   12.172212] Starting LSB: Record successful boot for GRUB...cloud-init
[969]: +----[SHA256]-----+
[   12.180469] cloud-init[969]: Generating public/private ed25519 key pair.
[   12.180705] cloud-init[969]: Your identification has been saved in /etc/ssh/ssh_host_ed25519_key.
[[0;32m  OK  [0m] Started Deferred execution scheduler.
[   12.180789] cloud-init[969]: Your public key has been saved in /etc/ssh/ssh_host_ed25519_key.pub.
         Starting Pollinate to seed the pseudo random number generator...
         Starting LXD - container startup/shutdown...
[   12.203489] cloud-init[969]: The key fingerprint is:
[   12.212560] cloud-init[969]: SHA256:9uv78kCkaqH7FW/9ikU6agW8W3xD7C6ajnVWPg52c9k root@ubuntu-xenial
[   12.212871] cloud-init[969]: The key's randomart image is:
[[0;32m  OK  [0m] Started Regular background program processing daemon.
[   12.212918] cloud-init[969]: +--[ED25519 256]--+
[   12.228353] cloud-init[969]: |                 |
[[0;32m  OK  [0m] Started FUSE filesystem for LXC.
[   12.241041] cloud-init[969]: |                 |
[[0;32m  OK  [0m] Started D-Bus System Message Bus.
[   12.251018] cloud-init[969]: |       .  ..     |
[   12.263873] cloud-init[969]: |        oo  o    |
[   12.266017] cloud-init[969]: |      . S+.oo    |
[   12.267357] cloud-init[969]: |     . +.=+*+  o |
[   12.276454] cloud-init[969]: |    . o o+%oB.o E|
[   12.284727] cloud-init[969]: |     o +oBoX.=   |
[   12.285895] cloud-init[969]: |    ..oo=o=*=..  |
[   12.292393] cloud-init[969]: +----[SHA256]-----+
         Starting Snap Daemon...
         Starting Virtualbox guest utils...
[[0;32m  OK  [0m] Started System Logging Service.
[[0;32m  OK  [0m] Started iSCSI initiator daemon (iscsid).
[[0;32m  OK  [0m] Started /etc/rc.local Compatibility.
[[0;32m  OK  [0m] Started Login Service.
[[0;32m  OK  [0m] Started Unattended Upgrades Shutdown.
         Starting Login to default iSCSI targets...
[[0;32m  OK  [0m] Started LSB: Record successful boot for GRUB.
         Starting Authenticate and Authorize Users to Run Privileged Tasks...
[[0;32m  OK  [0m] Started LSB: MD monitoring daemon.
[[0;32m  OK  [0m] Started Login to default iSCSI targets.
[[0;32m  OK  [0m] Reached target Remote File Systems (Pre).
[[0;32m  OK  [0m] Reached target Remote File Systems.
         Starting LSB: daemon to balance interrupts for SMP systems...
         Starting LSB: Set the CPU Frequency Scaling governor to "ondemand"...
         Starting Permit User Sessions...
         Starting LSB: automatic crash report generation...
[[0;32m  OK  [0m] Started LSB: Set the CPU Frequency Scaling governor to "ondemand".
[[0;32m  OK  [0m] Started Permit User Sessions.
         Starting Terminate Plymouth Boot Screen...
         Starting Hold until boot process finishes up...
[[0;32m  OK  [0m] Started Hold until boot process finishes up.
[[0;32m  OK  [0m] Started LSB: daemon to balance interrupts for SMP systems.
[[0;32m  OK  [0m] Started Terminate Plymouth Boot Screen.
[[0;32m  OK  [0m] Started Authenticate and Authorize Users to Run Privileged Tasks.
[[0;32m  OK  [0m] Started Accounts Service.
[[0;32m  OK  [0m] Started LSB: automatic crash report generation.
         Starting Set console scheme...
[[0;32m  OK  [0m] Started Getty on tty1.
[[0;32m  OK  [0m] Started Serial Getty on ttyS0.
[[0;32m  OK  [0m] Reached target Login Prompts.
[[0;32m  OK  [0m] Started Set console scheme.
[[0;32m  OK  [0m] Started Virtualbox guest utils.
[[0;32m  OK  [0m] Started LXD - container startup/shutdown.
[[0;32m  OK  [0m] Started Snap Daemon.
         Starting Wait until snapd is fully seeded...
[[0;32m  OK  [0m] Started Pollinate to seed the pseudo random number generator.
         Starting OpenBSD Secure Shell server...
[[0;32m  OK  [0m] Started OpenBSD Secure Shell server.
[[0;32m  OK  [0m] Created slice User Slice of vagrant.
         Starting User Manager for UID 1000...
[[0;32m  OK  [0m] Started Session 1 of user vagrant.
[[0;32m  OK  [0m] Started User Manager for UID 1000.

Ubuntu 16.04.6 LTS ubuntu-xenial ttyS0

ubuntu-xenial login: [   19.631384] cloud-init[1517]: Generating locales (this might take a while)...
[   20.329324] cloud-init[1517]:   en_US.UTF-8... done
[   20.330370] cloud-init[1517]: Generation complete.
[   20.855390] cloud-init[1517]: Cloud-init v. 20.2-45-g5f7825e2-0ubuntu1~16.04.1 running 'modules:config' at Thu, 20 Aug 2020 01:43:02 +0000. Up 19.50 seconds.
ci-info: no authorized SSH keys fingerprints found for user ubuntu.
<14>Aug 20 01:43:04 ec2: 
<14>Aug 20 01:43:04 ec2: #############################################################
<14>Aug 20 01:43:04 ec2: -----BEGIN SSH HOST KEY FINGERPRINTS-----
<14>Aug 20 01:43:04 ec2: 1024 SHA256:kYdcktg9BR4aw0QoLTNWPyikldfMgG4BvIkhWecaw2Y root@ubuntu-xenial (DSA)
<14>Aug 20 01:43:04 ec2: 256 SHA256:AShLd2MXqvqOcsEGYO+9i6jZLgKkUf2TlYWv8Ssx4VY root@ubuntu-xenial (ECDSA)
<14>Aug 20 01:43:04 ec2: 256 SHA256:9uv78kCkaqH7FW/9ikU6agW8W3xD7C6ajnVWPg52c9k root@ubuntu-xenial (ED25519)
<14>Aug 20 01:43:04 ec2: 2048 SHA256:KL9WnZO1Fvp7hRjUROrJJLh+3M0yfc8+MPCLyXD3ui4 root@ubuntu-xenial (RSA)
<14>Aug 20 01:43:04 ec2: -----END SSH HOST KEY FINGERPRINTS-----
<14>Aug 20 01:43:04 ec2: #############################################################
-----BEGIN SSH HOST KEY KEYS-----
ecdsa-sha2-nistp256 AAAAE2VjZHNhLXNoYTItbmlzdHAyNTYAAAAIbmlzdHAyNTYAAABBBMlGSpn9fHwx7JxAN4F6v5Ae4zx3+DVykSzTG+pgQAGSlynoC5d8VEr6jqI8bh+zpoAvPOnWLNSCakuaxpjrWCM= root@ubuntu-xenial
ssh-ed25519 AAAAC3NzaC1lZDI1NTE5AAAAIAaAkEEmh8NUyUrhe6DHf5VXMEo0yXeCZ2a6HNxxZ5pQ root@ubuntu-xenial
ssh-rsa AAAAB3NzaC1yc2EAAAADAQABAAABAQClpcsISNtntdyXsm1FCXPeYsLo+FwdrrI9DujqAT3X06hsI9J9erBs8bXAAztHgSync/Jb8Hx8yeJkIT40Dt+W+g2XCvBRU8nSzVWBpyLUSPrSDosWICdncuj6z65FOireR1fqOlEfzgTqyrS8VIdHXgRtN7iGU8eZ+9wVXSnp9bXdiCDYJoCdH9dLFFmxEM44LjjD/d3kPTta2glgrElRqdTZP4PWfyUaOj8Qd+ivXuAdZGlH3cgJ//heEe+0XpZVqOlO7/VSzHt18hS7A/HKNzZXqdy2dlTEG29iX5v/xHphAAfEYSCt+8NCT2lJwDikvBK/X0oGHSEJ0vkC5Lkz root@ubuntu-xenial
-----END SSH HOST KEY KEYS-----
[   21.361159] cloud-init[1672]: Cloud-init v. 20.2-45-g5f7825e2-0ubuntu1~16.04.1 running 'modules:final' at Thu, 20 Aug 2020 01:43:04 +0000. Up 21.19 seconds.
[   21.361883] cloud-init[1672]: ci-info: no authorized SSH keys fingerprints found for user ubuntu.
[   21.362752] cloud-init[1672]: Cloud-init v. 20.2-45-g5f7825e2-0ubuntu1~16.04.1 finished at Thu, 20 Aug 2020 01:43:04 +0000. Datasource DataSourceNoCloud [seed=/dev/sdb][dsmode=net].  Up 21.35 seconds
